# configure exec: ./configure --prefix=/home/mowze/Desktop/cognative/node_modules/node-rdkafka/build/deps --libdir=/home/mowze/Desktop/cognative/node_modules/node-rdkafka/build/deps --prefix=/home/mowze/Desktop/cognative/node_modules/node-rdkafka/build/deps --libdir=/home/mowze/Desktop/cognative/node_modules/node-rdkafka/build/deps
# On Lw2 Jan 15 12:36:56 EAT 2019
DBG: ccenv: WITH_CC:  --version failed: mklove/modules/configure.base: line 1183: --version: command not found
DBG: Check ccenv (WITH_CC, action cont (originally cont)) failed: command ' --version' failed:
mklove/modules/configure.base: line 1183: --version: command not found
DBG: cxxenv: WITH_CXX:  --version failed: mklove/modules/configure.base: line 1183: --version: command not found
DBG: Check cxxenv (WITH_CXX, action cont (originally cont)) failed: command ' --version' failed:
mklove/modules/configure.base: line 1183: --version: command not found
DBG: Compile check PIC (HAVE_PIC): gcc  -g -O2 -Wall -Werror _mkltmp7y8HCD.c -o _mkltmp7y8HCD.c.o  -L/home/mowze/Desktop/cognative/node_modules/node-rdkafka/build/deps -fPIC
DBG: Compile check gnulib (WITH_GNULD): gcc  -g -O2 -fPIC -Wall -Werror _mkltmps7Wml8.c -o _mkltmps7Wml8.c.o  -L/home/mowze/Desktop/cognative/node_modules/node-rdkafka/build/deps -shared -Wl,-soname,mkltest.0
DBG: Compile check ldsflagvs (): gcc  -g -O2 -fPIC -Wall -Werror _mkltmpqkiiMf.c -o _mkltmpqkiiMf.c.o  -L/home/mowze/Desktop/cognative/node_modules/node-rdkafka/build/deps -shared -Wl,--version-script=_mkltmpFWMbj8
DBG: Compile check __atomic_32 (HAVE_ATOMICS_32): gcc  -g -O2 -fPIC -Wall -Werror _mkltmpvGHIml.c -o _mkltmpvGHIml.c.o  -L/home/mowze/Desktop/cognative/node_modules/node-rdkafka/build/deps 
DBG: Compile check __atomic_64 (HAVE_ATOMICS_64): gcc  -g -O2 -fPIC -Wall -Werror _mkltmpzqlvgK.c -o _mkltmpzqlvgK.c.o  -L/home/mowze/Desktop/cognative/node_modules/node-rdkafka/build/deps 
DBG: Compile check socket (): gcc  -g -O2 -fPIC -Wall -Wsign-compare -Wfloat-equal -Wpointer-arith -Wcast-align -Wall -Werror _mkltmpmEbgJ2.c -o _mkltmpmEbgJ2.c.o  -L/home/mowze/Desktop/cognative/node_modules/node-rdkafka/build/deps 
DBG: pkg-config check librt (): pkg-config --short-errors --cflags librt
DBG: 'pkg-config --short-errors --cflags librt' failed: No package 'librt' found
DBG: Check librt_PKGCONFIG (, action cont (originally cont)) failed: 'pkg-config --short-errors --cflags librt' failed:
No package 'librt' found
DBG: Compile check librt (): gcc  -g -O2 -fPIC -Wall -Wsign-compare -Wfloat-equal -Wpointer-arith -Wcast-align -Wall -Werror _mkltmpk42QKv.c -o _mkltmpk42QKv.c.o  -L/home/mowze/Desktop/cognative/node_modules/node-rdkafka/build/deps -lrt
DBG: pkg-config check libpthread (): pkg-config --short-errors --cflags libpthread
DBG: 'pkg-config --short-errors --cflags libpthread' failed: No package 'libpthread' found
DBG: Check libpthread_PKGCONFIG (, action cont (originally cont)) failed: 'pkg-config --short-errors --cflags libpthread' failed:
No package 'libpthread' found
DBG: Compile check libpthread (): gcc  -g -O2 -fPIC -Wall -Wsign-compare -Wfloat-equal -Wpointer-arith -Wcast-align -Wall -Werror _mkltmpKJcLjz.c -o _mkltmpKJcLjz.c.o  -L/home/mowze/Desktop/cognative/node_modules/node-rdkafka/build/deps -lpthread
DBG: pkg-config check libdl (): pkg-config --short-errors --cflags libdl
DBG: 'pkg-config --short-errors --cflags libdl' failed: No package 'libdl' found
DBG: Check libdl_PKGCONFIG (, action cont (originally cont)) failed: 'pkg-config --short-errors --cflags libdl' failed:
No package 'libdl' found
DBG: Compile check libdl (WITH_LIBDL): gcc  -g -O2 -fPIC -Wall -Wsign-compare -Wfloat-equal -Wpointer-arith -Wcast-align -Wall -Werror _mkltmptFPnuF.c -o _mkltmptFPnuF.c.o  -L/home/mowze/Desktop/cognative/node_modules/node-rdkafka/build/deps -ldl
DBG: pkg-config check zlib (): pkg-config --short-errors --cflags zlib
DBG: 'pkg-config --short-errors --cflags zlib' failed: No package 'zlib' found
DBG: Check zlib_PKGCONFIG (, action cont (originally cont)) failed: 'pkg-config --short-errors --cflags zlib' failed:
No package 'zlib' found
DBG: Compile check zlib (WITH_ZLIB): gcc  -g -O2 -fPIC -Wall -Wsign-compare -Wfloat-equal -Wpointer-arith -Wcast-align -Wall -Werror _mkltmpBVsI7y.c -o _mkltmpBVsI7y.c.o  -L/home/mowze/Desktop/cognative/node_modules/node-rdkafka/build/deps -lz
DBG: compile check for zlib (WITH_ZLIB) failed: gcc  -g -O2 -fPIC -Wall -Wsign-compare -Wfloat-equal -Wpointer-arith -Wcast-align -Wall -Werror _mkltmpBVsI7y.c -o _mkltmpBVsI7y.c.o  -L/home/mowze/Desktop/cognative/node_modules/node-rdkafka/build/deps -lz: _mkltmpBVsI7y.c:1:18: fatal error: zlib.h: No such file or directory
compilation terminated.
DBG: Check zlib (WITH_ZLIB, action disable (originally disable)) failed: compile check failed:
CC: CC
flags: -lz
gcc  -g -O2 -fPIC -Wall -Wsign-compare -Wfloat-equal -Wpointer-arith -Wcast-align -Wall -Werror _mkltmpBVsI7y.c -o _mkltmpBVsI7y.c.o  -L/home/mowze/Desktop/cognative/node_modules/node-rdkafka/build/deps -lz:
_mkltmpBVsI7y.c:1:18: fatal error: zlib.h: No such file or directory
compilation terminated.
source: #include <zlib.h>
DBG: pkg-config check libcrypto (): pkg-config --short-errors --cflags libcrypto
DBG: 'pkg-config --short-errors --cflags libcrypto' failed: No package 'libcrypto' found
DBG: Check libcrypto_PKGCONFIG (, action cont (originally cont)) failed: 'pkg-config --short-errors --cflags libcrypto' failed:
No package 'libcrypto' found
DBG: Compile check libcrypto (): gcc  -g -O2 -fPIC -Wall -Wsign-compare -Wfloat-equal -Wpointer-arith -Wcast-align -Wall -Werror _mkltmp48pYMF.c -o _mkltmp48pYMF.c.o  -L/home/mowze/Desktop/cognative/node_modules/node-rdkafka/build/deps -lcrypto
DBG: compile check for libcrypto () failed: gcc  -g -O2 -fPIC -Wall -Wsign-compare -Wfloat-equal -Wpointer-arith -Wcast-align -Wall -Werror _mkltmp48pYMF.c -o _mkltmp48pYMF.c.o  -L/home/mowze/Desktop/cognative/node_modules/node-rdkafka/build/deps -lcrypto: /usr/bin/ld: cannot find -lcrypto
collect2: error: ld returned 1 exit status
DBG: Check libcrypto (, action disable (originally disable)) failed: compile check failed:
CC: CC
flags: -lcrypto
gcc  -g -O2 -fPIC -Wall -Wsign-compare -Wfloat-equal -Wpointer-arith -Wcast-align -Wall -Werror _mkltmp48pYMF.c -o _mkltmp48pYMF.c.o  -L/home/mowze/Desktop/cognative/node_modules/node-rdkafka/build/deps -lcrypto:
/usr/bin/ld: cannot find -lcrypto
collect2: error: ld returned 1 exit status
source: 
DBG: pkg-config check libm (): pkg-config --short-errors --cflags libm
DBG: 'pkg-config --short-errors --cflags libm' failed: No package 'libm' found
DBG: Check libm_PKGCONFIG (, action cont (originally cont)) failed: 'pkg-config --short-errors --cflags libm' failed:
No package 'libm' found
DBG: Compile check libm (): gcc  -g -O2 -fPIC -Wall -Wsign-compare -Wfloat-equal -Wpointer-arith -Wcast-align -Wall -Werror _mkltmpMlvMeu.c -o _mkltmpMlvMeu.c.o  -L/home/mowze/Desktop/cognative/node_modules/node-rdkafka/build/deps -lm
DBG: pkg-config check liblz4 (): pkg-config --short-errors --cflags liblz4
DBG: 'pkg-config --short-errors --cflags liblz4' failed: No package 'liblz4' found
DBG: Check liblz4_PKGCONFIG (, action cont (originally cont)) failed: 'pkg-config --short-errors --cflags liblz4' failed:
No package 'liblz4' found
DBG: Compile check liblz4 (WITH_LZ4_EXT): gcc  -g -O2 -fPIC -Wall -Wsign-compare -Wfloat-equal -Wpointer-arith -Wcast-align -Wall -Werror _mkltmp8DgXtl.c -o _mkltmp8DgXtl.c.o  -L/home/mowze/Desktop/cognative/node_modules/node-rdkafka/build/deps -llz4
DBG: compile check for liblz4 (WITH_LZ4_EXT) failed: gcc  -g -O2 -fPIC -Wall -Wsign-compare -Wfloat-equal -Wpointer-arith -Wcast-align -Wall -Werror _mkltmp8DgXtl.c -o _mkltmp8DgXtl.c.o  -L/home/mowze/Desktop/cognative/node_modules/node-rdkafka/build/deps -llz4: _mkltmp8DgXtl.c:1:22: fatal error: lz4frame.h: No such file or directory
compilation terminated.
DBG: Check liblz4 (WITH_LZ4_EXT, action disable (originally disable)) failed: compile check failed:
CC: CC
flags: -llz4
gcc  -g -O2 -fPIC -Wall -Wsign-compare -Wfloat-equal -Wpointer-arith -Wcast-align -Wall -Werror _mkltmp8DgXtl.c -o _mkltmp8DgXtl.c.o  -L/home/mowze/Desktop/cognative/node_modules/node-rdkafka/build/deps -llz4:
_mkltmp8DgXtl.c:1:22: fatal error: lz4frame.h: No such file or directory
compilation terminated.
source: #include <lz4frame.h>
DBG: Compile check rapidjson (WITH_RAPIDJSON): g++  -g -O2 -fPIC -Wall -Wsign-compare -Wfloat-equal -Wpointer-arith -Wcast-align -Wall -Werror _mkltmp2C1UwJ.cpp -o _mkltmp2C1UwJ.cpp.o  -L/home/mowze/Desktop/cognative/node_modules/node-rdkafka/build/deps 
DBG: compile check for rapidjson (WITH_RAPIDJSON) failed: g++  -g -O2 -fPIC -Wall -Wsign-compare -Wfloat-equal -Wpointer-arith -Wcast-align -Wall -Werror _mkltmp2C1UwJ.cpp -o _mkltmp2C1UwJ.cpp.o  -L/home/mowze/Desktop/cognative/node_modules/node-rdkafka/build/deps : _mkltmp2C1UwJ.cpp:1:30: fatal error: rapidjson/schema.h: No such file or directory
compilation terminated.
DBG: Check rapidjson (WITH_RAPIDJSON, action disable (originally disable)) failed: compile check failed:
CC: CXX
flags: 
g++  -g -O2 -fPIC -Wall -Wsign-compare -Wfloat-equal -Wpointer-arith -Wcast-align -Wall -Werror _mkltmp2C1UwJ.cpp -o _mkltmp2C1UwJ.cpp.o  -L/home/mowze/Desktop/cognative/node_modules/node-rdkafka/build/deps :
_mkltmp2C1UwJ.cpp:1:30: fatal error: rapidjson/schema.h: No such file or directory
compilation terminated.
source: #include <rapidjson/schema.h>
DBG: pkg-config check libssl (): pkg-config --short-errors --cflags libssl
DBG: 'pkg-config --short-errors --cflags libssl' failed: No package 'libssl' found
DBG: Check libssl_PKGCONFIG (, action cont (originally cont)) failed: 'pkg-config --short-errors --cflags libssl' failed:
No package 'libssl' found
DBG: Compile check libssl (WITH_SSL): gcc  -g -O2 -fPIC -Wall -Wsign-compare -Wfloat-equal -Wpointer-arith -Wcast-align -Wall -Werror _mkltmpcRjO5p.c -o _mkltmpcRjO5p.c.o  -L/home/mowze/Desktop/cognative/node_modules/node-rdkafka/build/deps -lssl
DBG: compile check for libssl (WITH_SSL) failed: gcc  -g -O2 -fPIC -Wall -Wsign-compare -Wfloat-equal -Wpointer-arith -Wcast-align -Wall -Werror _mkltmpcRjO5p.c -o _mkltmpcRjO5p.c.o  -L/home/mowze/Desktop/cognative/node_modules/node-rdkafka/build/deps -lssl: _mkltmpcRjO5p.c:1:25: fatal error: openssl/ssl.h: No such file or directory
compilation terminated.
DBG: Check libssl (WITH_SSL, action disable (originally disable)) failed: compile check failed:
CC: CC
flags: -lssl
gcc  -g -O2 -fPIC -Wall -Wsign-compare -Wfloat-equal -Wpointer-arith -Wcast-align -Wall -Werror _mkltmpcRjO5p.c -o _mkltmpcRjO5p.c.o  -L/home/mowze/Desktop/cognative/node_modules/node-rdkafka/build/deps -lssl:
_mkltmpcRjO5p.c:1:25: fatal error: openssl/ssl.h: No such file or directory
compilation terminated.
source: #include <openssl/ssl.h>
DBG: pkg-config check libsasl2 (): pkg-config --short-errors --cflags libsasl2
DBG: 'pkg-config --short-errors --cflags libsasl2' failed: No package 'libsasl2' found
DBG: Check libsasl2_PKGCONFIG (, action cont (originally cont)) failed: 'pkg-config --short-errors --cflags libsasl2' failed:
No package 'libsasl2' found
DBG: Compile check libsasl2 (WITH_SASL_CYRUS): gcc  -g -O2 -fPIC -Wall -Wsign-compare -Wfloat-equal -Wpointer-arith -Wcast-align -Wall -Werror _mkltmpERwsAi.c -o _mkltmpERwsAi.c.o  -L/home/mowze/Desktop/cognative/node_modules/node-rdkafka/build/deps -lsasl2
DBG: compile check for libsasl2 (WITH_SASL_CYRUS) failed: gcc  -g -O2 -fPIC -Wall -Wsign-compare -Wfloat-equal -Wpointer-arith -Wcast-align -Wall -Werror _mkltmpERwsAi.c -o _mkltmpERwsAi.c.o  -L/home/mowze/Desktop/cognative/node_modules/node-rdkafka/build/deps -lsasl2: _mkltmpERwsAi.c:1:23: fatal error: sasl/sasl.h: No such file or directory
compilation terminated.
DBG: Check libsasl2 (WITH_SASL_CYRUS, action disable (originally disable)) failed: compile check failed:
CC: CC
flags: -lsasl2
gcc  -g -O2 -fPIC -Wall -Wsign-compare -Wfloat-equal -Wpointer-arith -Wcast-align -Wall -Werror _mkltmpERwsAi.c -o _mkltmpERwsAi.c.o  -L/home/mowze/Desktop/cognative/node_modules/node-rdkafka/build/deps -lsasl2:
_mkltmpERwsAi.c:1:23: fatal error: sasl/sasl.h: No such file or directory
compilation terminated.
source: #include <sasl/sasl.h>
DBG: pkg-config check libsasl (): pkg-config --short-errors --cflags libsasl
DBG: 'pkg-config --short-errors --cflags libsasl' failed: No package 'libsasl' found
DBG: Check libsasl_PKGCONFIG (, action cont (originally cont)) failed: 'pkg-config --short-errors --cflags libsasl' failed:
No package 'libsasl' found
DBG: Compile check libsasl (WITH_SASL_CYRUS): gcc  -g -O2 -fPIC -Wall -Wsign-compare -Wfloat-equal -Wpointer-arith -Wcast-align -Wall -Werror _mkltmpN7EhdH.c -o _mkltmpN7EhdH.c.o  -L/home/mowze/Desktop/cognative/node_modules/node-rdkafka/build/deps -lsasl
DBG: compile check for libsasl (WITH_SASL_CYRUS) failed: gcc  -g -O2 -fPIC -Wall -Wsign-compare -Wfloat-equal -Wpointer-arith -Wcast-align -Wall -Werror _mkltmpN7EhdH.c -o _mkltmpN7EhdH.c.o  -L/home/mowze/Desktop/cognative/node_modules/node-rdkafka/build/deps -lsasl: _mkltmpN7EhdH.c:1:23: fatal error: sasl/sasl.h: No such file or directory
compilation terminated.
DBG: Check libsasl (WITH_SASL_CYRUS, action disable (originally disable)) failed: compile check failed:
CC: CC
flags: -lsasl
gcc  -g -O2 -fPIC -Wall -Wsign-compare -Wfloat-equal -Wpointer-arith -Wcast-align -Wall -Werror _mkltmpN7EhdH.c -o _mkltmpN7EhdH.c.o  -L/home/mowze/Desktop/cognative/node_modules/node-rdkafka/build/deps -lsasl:
_mkltmpN7EhdH.c:1:23: fatal error: sasl/sasl.h: No such file or directory
compilation terminated.
source: #include <sasl/sasl.h>
DBG: Compile check crc32chw (WITH_CRC32C_HW): gcc  -g -O2 -fPIC -Wall -Wsign-compare -Wfloat-equal -Wpointer-arith -Wcast-align -Wall -Werror _mkltmpD687gV.c -o _mkltmpD687gV.c.o  -L/home/mowze/Desktop/cognative/node_modules/node-rdkafka/build/deps 
DBG: Compile check regex (HAVE_REGEX): gcc  -g -O2 -fPIC -Wall -Wsign-compare -Wfloat-equal -Wpointer-arith -Wcast-align -Wall -Werror _mkltmpZ2DC0V.c -o _mkltmpZ2DC0V.c.o  -L/home/mowze/Desktop/cognative/node_modules/node-rdkafka/build/deps 
DBG: Compile check strndup (HAVE_STRNDUP): gcc  -g -O2 -fPIC -Wall -Wsign-compare -Wfloat-equal -Wpointer-arith -Wcast-align -Wall -Werror _mkltmpiygAel.c -o _mkltmpiygAel.c.o  -L/home/mowze/Desktop/cognative/node_modules/node-rdkafka/build/deps 
DBG: Compile check strerror_r (HAVE_STRERROR_R): gcc  -g -O2 -fPIC -Wall -Wsign-compare -Wfloat-equal -Wpointer-arith -Wcast-align -Wall -Werror _mkltmpstSxEJ.c -o _mkltmpstSxEJ.c.o  -L/home/mowze/Desktop/cognative/node_modules/node-rdkafka/build/deps 
DBG: Compile check pthread_setname_gnu (HAVE_PTHREAD_SETNAME_GNU): gcc  -g -O2 -fPIC -Wall -Wsign-compare -Wfloat-equal -Wpointer-arith -Wcast-align -Wall -Werror _mkltmpgnFGy2.c -o _mkltmpgnFGy2.c.o  -L/home/mowze/Desktop/cognative/node_modules/node-rdkafka/build/deps -D_GNU_SOURCE -lpthread
